<?xml version="1.0" encoding="UTF-8"?>
<!-- Generated by org.testng.reporters.JUnitReportReporter -->
<testsuite hostname="vidhya16" failures="0" tests="4" name="testClasses.ProductTest" time="12.451" errors="0" timestamp="2023-07-05T15:13:28 IST" skipped="0">
  <testcase classname="testClasses.ProductTest" name="applyfilters" time="0.984"/>
  <system-out/>
  <testcase classname="testClasses.ProductTest" name="resetFilters" time="0.753"/>
  <system-out/>
  <testcase classname="testClasses.ProductTest" name="sortingProduct" time="9.247"/>
  <system-out/>
  <testcase classname="testClasses.ProductTest" name="clickOnProduct" time="1.467"/>
  <system-out/>
</testsuite> <!-- testClasses.ProductTest -->
